c:\game\slay_scut\sample\proj.win32\release.win32\vc143.pdb
c:\game\slay_scut\sample\proj.win32\release.win32\monster.obj
c:\game\slay_scut\sample\proj.win32\release.win32\discarddeck.obj
c:\game\slay_scut\sample\proj.win32\release.win32\rest.obj
c:\game\slay_scut\sample\proj.win32\release.win32\card.obj
c:\game\slay_scut\sample\proj.win32\release.win32\mainmenu.obj
c:\game\slay_scut\sample\proj.win32\release.win32\hero.obj
c:\game\slay_scut\sample\proj.win32\release.win32\map.obj
c:\game\slay_scut\sample\proj.win32\release.win32\drawdeck.obj
c:\game\slay_scut\sample\proj.win32\release.win32\victory.obj
c:\game\slay_scut\sample\proj.win32\release.win32\fail.obj
c:\game\slay_scut\sample\proj.win32\release.win32\question.obj
c:\game\slay_scut\sample\proj.win32\release.win32\appdelegate.obj
c:\game\slay_scut\sample\proj.win32\release.win32\shop.obj
c:\game\slay_scut\sample\proj.win32\release.win32\effect.obj
c:\game\slay_scut\sample\proj.win32\release.win32\fightingscene.obj
c:\game\slay_scut\sample\proj.win32\release.win32\main.obj
c:\game\slay_scut\sample\proj.win32\release.win32\cardlibrary.obj
c:\game\slay_scut\sample\proj.win32\release.win32\transitionscene.obj
c:\game\slay_scut\sample\proj.win32\sample.cab
c:\game\slay_scut\sample\proj.win32\release.win32\sample.exe
c:\game\slay_scut\sample\proj.win32\release.win32\sample.pdb
c:\game\slay_scut\sample\proj.win32\release.win32\game.res
c:\game\slay_scut\sample\proj.win32\release.win32\sample.lib
c:\game\slay_scut\sample\proj.win32\release.win32\sample.exp
c:\game\slay_scut\sample\proj.win32\release.win32\sample.ipdb
c:\game\slay_scut\sample\proj.win32\release.win32\sample.iobj
c:\game\slay_scut\sample\proj.win32\release.win32\libcocos2d.exp
c:\game\slay_scut\sample\proj.win32\release.win32\libcocos2d.pdb
c:\game\slay_scut\sample\proj.win32\release.win32\sample.tlog\cl.command.1.tlog
c:\game\slay_scut\sample\proj.win32\release.win32\sample.tlog\cl.items.tlog
c:\game\slay_scut\sample\proj.win32\release.win32\sample.tlog\cl.read.1.tlog
c:\game\slay_scut\sample\proj.win32\release.win32\sample.tlog\cl.write.1.tlog
c:\game\slay_scut\sample\proj.win32\release.win32\sample.tlog\custombuildstep.read.1u.tlog
c:\game\slay_scut\sample\proj.win32\release.win32\sample.tlog\custombuildstep.write.1u.tlog
c:\game\slay_scut\sample\proj.win32\release.win32\sample.tlog\link.command.1.tlog
c:\game\slay_scut\sample\proj.win32\release.win32\sample.tlog\link.read.1.tlog
c:\game\slay_scut\sample\proj.win32\release.win32\sample.tlog\link.secondary.1.tlog
c:\game\slay_scut\sample\proj.win32\release.win32\sample.tlog\link.write.1.tlog
c:\game\slay_scut\sample\proj.win32\release.win32\sample.tlog\rc.command.1.tlog
c:\game\slay_scut\sample\proj.win32\release.win32\sample.tlog\rc.read.1.tlog
c:\game\slay_scut\sample\proj.win32\release.win32\sample.tlog\rc.write.1.tlog
