  FightingScene.cpp
C:\game\Test\Slay_SCUT\sample\Classes\FightingScene.h(1,1): warning C4819: 该文件包含不能在当前代码页(936)中表示的字符。请将该文件保存为 Unicode 格式以防止数据丢失
  (编译源文件“../Classes/FightingScene.cpp”)
  
C:\game\Test\Slay_SCUT\sample\Classes\Card.h(1,1): warning C4819: 该文件包含不能在当前代码页(936)中表示的字符。请将该文件保存为 Unicode 格式以防止数据丢失
  (编译源文件“../Classes/FightingScene.cpp”)
  
C:\game\Test\Slay_SCUT\sample\Classes\Hero.h(1,1): warning C4819: 该文件包含不能在当前代码页(936)中表示的字符。请将该文件保存为 Unicode 格式以防止数据丢失
  (编译源文件“../Classes/FightingScene.cpp”)
  
C:\game\Test\Slay_SCUT\sample\Classes\DiscardDeck.h(1,1): warning C4819: 该文件包含不能在当前代码页(936)中表示的字符。请将该文件保存为 Unicode 格式以防止数据丢失
  (编译源文件“../Classes/FightingScene.cpp”)
  
C:\game\Test\Slay_SCUT\sample\Classes\DrawDeck.h(1,1): warning C4819: 该文件包含不能在当前代码页(936)中表示的字符。请将该文件保存为 Unicode 格式以防止数据丢失
  (编译源文件“../Classes/FightingScene.cpp”)
  
C:\game\Test\Slay_SCUT\sample\Classes\FightingScene.cpp(240,34): warning C4101: “e”: 未引用的局部变量
C:\game\Test\Slay_SCUT\sample\Classes\FightingScene.cpp(736,29): warning C4018: “<”: 有符号/无符号不匹配
C:\game\Test\Slay_SCUT\sample\Classes\FightingScene.cpp(759,29): warning C4018: “<”: 有符号/无符号不匹配
C:\game\Test\Slay_SCUT\sample\Classes\FightingScene.cpp(944,55): warning C4018: “<”: 有符号/无符号不匹配
C:\game\Test\Slay_SCUT\sample\Classes\FightingScene.cpp(1154,29): warning C4018: “<”: 有符号/无符号不匹配
C:\game\Test\Slay_SCUT\sample\Classes\FightingScene.cpp(1616,31): warning C4018: “<”: 有符号/无符号不匹配
C:\game\Test\Slay_SCUT\sample\Classes\FightingScene.cpp(1759,36): warning C4018: “>=”: 有符号/无符号不匹配
C:\game\Test\Slay_SCUT\sample\Classes\FightingScene.cpp(1768,28): warning C4018: “<”: 有符号/无符号不匹配
C:\game\Test\Slay_SCUT\sample\Classes\FightingScene.cpp(1810,36): warning C4018: “>=”: 有符号/无符号不匹配
    正在创建库 C:\game\Test\Slay_SCUT\sample\proj.win32\Release.win32\sample.lib 和对象 C:\game\Test\Slay_SCUT\sample\proj.win32\Release.win32\sample.exp
  正在生成代码
  208 of 3875 functions ( 5.4%) were compiled, the rest were copied from previous compilation.
    0 functions were new in current compilation
    105 functions had inline decision re-evaluated but remain unchanged
  已完成代码的生成
  sample.vcxproj -> C:\game\Test\Slay_SCUT\sample\proj.win32\Release.win32\sample.exe
  正在执行自定义生成步骤
  复制了 0 个文件
