  AppDelegate.cpp
  Card.cpp
  DiscardDeck.cpp
  DrawDeck.cpp
  Effect.cpp
  fail.cpp
  Hero.cpp
  FightingScene.cpp
C:\game\Slay_SCUT\sample\Classes\DrawDeck.cpp(1,1): warning C4819: 该文件包含不能在当前代码页(936)中表示的字符。请将该文件保存为 Unicode 格式以防止数据丢失
C:\game\Slay_SCUT\sample\Classes\DiscardDeck.h(1,1): warning C4819: 该文件包含不能在当前代码页(936)中表示的字符。请将该文件保存为 Unicode 格式以防止数据丢失
  (编译源文件“../Classes/DiscardDeck.cpp”)
  
C:\game\Slay_SCUT\sample\Classes\DrawDeck.h(1,1): warning C4819: 该文件包含不能在当前代码页(936)中表示的字符。请将该文件保存为 Unicode 格式以防止数据丢失
  (编译源文件“../Classes/DrawDeck.cpp”)
  
  MainMenu.cpp
C:\game\Slay_SCUT\sample\Classes\DiscardDeck.h(1,1): warning C4819: 该文件包含不能在当前代码页(936)中表示的字符。请将该文件保存为 Unicode 格式以防止数据丢失
  (编译源文件“../Classes/AppDelegate.cpp”)
  
C:\game\Slay_SCUT\sample\Classes\DrawDeck.h(1,1): warning C4819: 该文件包含不能在当前代码页(936)中表示的字符。请将该文件保存为 Unicode 格式以防止数据丢失
  (编译源文件“../Classes/AppDelegate.cpp”)
  
C:\game\Slay_SCUT\sample\Classes\DiscardDeck.h(1,1): warning C4819: 该文件包含不能在当前代码页(936)中表示的字符。请将该文件保存为 Unicode 格式以防止数据丢失
  (编译源文件“../Classes/FightingScene.cpp”)
  
C:\game\Slay_SCUT\sample\Classes\DrawDeck.h(1,1): warning C4819: 该文件包含不能在当前代码页(936)中表示的字符。请将该文件保存为 Unicode 格式以防止数据丢失
  (编译源文件“../Classes/FightingScene.cpp”)
  
C:\game\Slay_SCUT\sample\Classes\DrawDeck.h(1,1): warning C4819: 该文件包含不能在当前代码页(936)中表示的字符。请将该文件保存为 Unicode 格式以防止数据丢失
  (编译源文件“../Classes/DiscardDeck.cpp”)
  
C:\game\Slay_SCUT\sample\Classes\DiscardDeck.h(1,1): warning C4819: 该文件包含不能在当前代码页(936)中表示的字符。请将该文件保存为 Unicode 格式以防止数据丢失
  (编译源文件“../Classes/DrawDeck.cpp”)
  
C:\game\Slay_SCUT\sample\Classes\FightingScene.cpp(476,29): warning C4018: “<”: 有符号/无符号不匹配
C:\game\Slay_SCUT\sample\Classes\FightingScene.cpp(695,29): warning C4018: “<”: 有符号/无符号不匹配
C:\game\Slay_SCUT\sample\Classes\MainMenu.cpp(27,12): warning C4305: “参数”: 从“double”到“float”截断
  Map.cpp
  Monster.cpp
  question.cpp
  Rest.cpp
  main.cpp
C:\game\Slay_SCUT\sample\Classes\DiscardDeck.h(1,1): warning C4819: 该文件包含不能在当前代码页(936)中表示的字符。请将该文件保存为 Unicode 格式以防止数据丢失
  (编译源文件“../Classes/Map.cpp”)
  
C:\game\Slay_SCUT\sample\Classes\DrawDeck.h(1,1): warning C4819: 该文件包含不能在当前代码页(936)中表示的字符。请将该文件保存为 Unicode 格式以防止数据丢失
  (编译源文件“../Classes/Map.cpp”)
  
C:\game\Slay_SCUT\sample\Classes\Map.cpp(133,27): warning C4018: “<”: 有符号/无符号不匹配
C:\game\Slay_SCUT\sample\Classes\Map.cpp(356,27): warning C4018: “<”: 有符号/无符号不匹配
AppDelegate.obj : warning LNK4075: 忽略“/EDITANDCONTINUE”(由于“/SAFESEH”规范)
    正在创建库 C:\game\Slay_SCUT\sample\proj.win32\Debug.win32\sample.lib 和对象 C:\game\Slay_SCUT\sample\proj.win32\Debug.win32\sample.exp
  sample.vcxproj -> C:\game\Slay_SCUT\sample\proj.win32\Debug.win32\sample.exe
  正在执行自定义生成步骤
  C:\game\Slay_SCUT\sample\Resources\back.jpg -> C:\game\Slay_SCUT\sample\proj.win32\Debug.win32\Resources\back.jpg
  C:\game\Slay_SCUT\sample\Resources\background.png -> C:\game\Slay_SCUT\sample\proj.win32\Debug.win32\Resources\background.png
  C:\game\Slay_SCUT\sample\Resources\background.webp -> C:\game\Slay_SCUT\sample\proj.win32\Debug.win32\Resources\background.webp
  C:\game\Slay_SCUT\sample\Resources\battle_normal.png -> C:\game\Slay_SCUT\sample\proj.win32\Debug.win32\Resources\battle_normal.png
  C:\game\Slay_SCUT\sample\Resources\boss.png -> C:\game\Slay_SCUT\sample\proj.win32\Debug.win32\Resources\boss.png
  C:\game\Slay_SCUT\sample\Resources\button.jpg -> C:\game\Slay_SCUT\sample\proj.win32\Debug.win32\Resources\button.jpg
  C:\game\Slay_SCUT\sample\Resources\button.png -> C:\game\Slay_SCUT\sample\proj.win32\Debug.win32\Resources\button.png
  C:\game\Slay_SCUT\sample\Resources\button_selected.png -> C:\game\Slay_SCUT\sample\proj.win32\Debug.win32\Resources\button_selected.png
  C:\game\Slay_SCUT\sample\Resources\cardBackground.jpg -> C:\game\Slay_SCUT\sample\proj.win32\Debug.win32\Resources\cardBackground.jpg
  C:\game\Slay_SCUT\sample\Resources\card_back.png -> C:\game\Slay_SCUT\sample\proj.win32\Debug.win32\Resources\card_back.png
  C:\game\Slay_SCUT\sample\Resources\card_front.png -> C:\game\Slay_SCUT\sample\proj.win32\Debug.win32\Resources\card_front.png
  C:\game\Slay_SCUT\sample\Resources\CloseNormal.png -> C:\game\Slay_SCUT\sample\proj.win32\Debug.win32\Resources\CloseNormal.png
  C:\game\Slay_SCUT\sample\Resources\CloseSelected.png -> C:\game\Slay_SCUT\sample\proj.win32\Debug.win32\Resources\CloseSelected.png
  C:\game\Slay_SCUT\sample\Resources\elite_normal.png -> C:\game\Slay_SCUT\sample\proj.win32\Debug.win32\Resources\elite_normal.png
  C:\game\Slay_SCUT\sample\Resources\HelloWorld.png -> C:\game\Slay_SCUT\sample\proj.win32\Debug.win32\Resources\HelloWorld.png
  C:\game\Slay_SCUT\sample\Resources\hero.png -> C:\game\Slay_SCUT\sample\proj.win32\Debug.win32\Resources\hero.png
  C:\game\Slay_SCUT\sample\Resources\monster.png -> C:\game\Slay_SCUT\sample\proj.win32\Debug.win32\Resources\monster.png
  C:\game\Slay_SCUT\sample\Resources\NextNormal.png -> C:\game\Slay_SCUT\sample\proj.win32\Debug.win32\Resources\NextNormal.png
  C:\game\Slay_SCUT\sample\Resources\OfficeSetup.exe -> C:\game\Slay_SCUT\sample\proj.win32\Debug.win32\Resources\OfficeSetup.exe
  C:\game\Slay_SCUT\sample\Resources\question_normal.jpg -> C:\game\Slay_SCUT\sample\proj.win32\Debug.win32\Resources\question_normal.jpg
  C:\game\Slay_SCUT\sample\Resources\recover.jpg -> C:\game\Slay_SCUT\sample\proj.win32\Debug.win32\Resources\recover.jpg
  C:\game\Slay_SCUT\sample\Resources\replay.png -> C:\game\Slay_SCUT\sample\proj.win32\Debug.win32\Resources\replay.png
  C:\game\Slay_SCUT\sample\Resources\rest.jpg -> C:\game\Slay_SCUT\sample\proj.win32\Debug.win32\Resources\rest.jpg
  C:\game\Slay_SCUT\sample\Resources\showDiscard_Normal.png -> C:\game\Slay_SCUT\sample\proj.win32\Debug.win32\Resources\showDiscard_Normal.png
  C:\game\Slay_SCUT\sample\Resources\showDiscard_Selected.png -> C:\game\Slay_SCUT\sample\proj.win32\Debug.win32\Resources\showDiscard_Selected.png
  C:\game\Slay_SCUT\sample\Resources\showDraw_Normal.png -> C:\game\Slay_SCUT\sample\proj.win32\Debug.win32\Resources\showDraw_Normal.png
  C:\game\Slay_SCUT\sample\Resources\showDraw_Selected.png -> C:\game\Slay_SCUT\sample\proj.win32\Debug.win32\Resources\showDraw_Selected.png
  C:\game\Slay_SCUT\sample\Resources\start.png -> C:\game\Slay_SCUT\sample\proj.win32\Debug.win32\Resources\start.png
  C:\game\Slay_SCUT\sample\Resources\start_normal.png -> C:\game\Slay_SCUT\sample\proj.win32\Debug.win32\Resources\start_normal.png
  C:\game\Slay_SCUT\sample\Resources\up.jpg -> C:\game\Slay_SCUT\sample\proj.win32\Debug.win32\Resources\up.jpg
  C:\game\Slay_SCUT\sample\Resources\fonts\arial.ttf -> C:\game\Slay_SCUT\sample\proj.win32\Debug.win32\Resources\fonts\arial.ttf
  C:\game\Slay_SCUT\sample\Resources\fonts\Marker Felt.ttf -> C:\game\Slay_SCUT\sample\proj.win32\Debug.win32\Resources\fonts\Marker Felt.ttf
  C:\game\Slay_SCUT\sample\Resources\res\.gitkeep -> C:\game\Slay_SCUT\sample\proj.win32\Debug.win32\Resources\res\.gitkeep
  复制了 33 个文件
